<?xml version="1.0" encoding="UTF-8"?>
<!-- Generated by org.testng.reporters.JUnitXMLReporter -->
<testsuite hostname="DESKTOP-6LJ2661" ignored="0" name="Default test" tests="3" failures="1" timestamp="04 Feb 2020 15:47:56 GMT" time="9.994" errors="0">
  <testcase name="@AfterMethod checkResults" time="0.018" classname="com.demo.extentreports.CreateNodeExample">
    <failure type="java.lang.NullPointerException">
      <![CDATA[java.lang.NullPointerException
at com.demo.extentreports.CreateNodeExample.captureScreenshot(CreateNodeExample.java:112)
at com.demo.extentreports.CreateNodeExample.checkResults(CreateNodeExample.java:92)
at sun.reflect.NativeMethodAccessorImpl.invoke0(Native Method)
at sun.reflect.NativeMethodAccessorImpl.invoke(NativeMethodAccessorImpl.java:62)
at sun.reflect.DelegatingMethodAccessorImpl.invoke(DelegatingMethodAccessorImpl.java:43)
at java.lang.reflect.Method.invoke(Method.java:497)
at org.testng.internal.MethodInvocationHelper.invokeMethod(MethodInvocationHelper.java:124)
at org.testng.internal.MethodInvocationHelper.invokeMethodConsideringTimeout(MethodInvocationHelper.java:59)
at org.testng.internal.Invoker.invokeConfigurationMethod(Invoker.java:458)
at org.testng.internal.Invoker.invokeConfigurations(Invoker.java:222)
at org.testng.internal.Invoker.invokeMethod(Invoker.java:646)
at org.testng.internal.Invoker.invokeTestMethod(Invoker.java:719)
at org.testng.internal.Invoker.invokeTestMethods(Invoker.java:989)
at org.testng.internal.TestMethodWorker.invokeTestMethods(TestMethodWorker.java:125)
at org.testng.internal.TestMethodWorker.run(TestMethodWorker.java:109)
at org.testng.TestRunner.privateRun(TestRunner.java:648)
at org.testng.TestRunner.run(TestRunner.java:505)
at org.testng.SuiteRunner.runTest(SuiteRunner.java:455)
at org.testng.SuiteRunner.runSequentially(SuiteRunner.java:450)
at org.testng.SuiteRunner.privateRun(SuiteRunner.java:415)
at org.testng.SuiteRunner.run(SuiteRunner.java:364)
at org.testng.SuiteRunnerWorker.runSuite(SuiteRunnerWorker.java:52)
at org.testng.SuiteRunnerWorker.run(SuiteRunnerWorker.java:84)
at org.testng.TestNG.runSuitesSequentially(TestNG.java:1208)
at org.testng.TestNG.runSuitesLocally(TestNG.java:1137)
at org.testng.TestNG.runSuites(TestNG.java:1049)
at org.testng.TestNG.run(TestNG.java:1017)
at org.testng.remote.AbstractRemoteTestNG.run(AbstractRemoteTestNG.java:114)
at org.testng.remote.RemoteTestNG.initAndRun(RemoteTestNG.java:251)
at org.testng.remote.RemoteTestNG.main(RemoteTestNG.java:77)
]]>
    </failure>
  </testcase> <!-- @AfterMethod checkResults -->
  <testcase name="@AfterMethod checkResults" time="0.0" classname="com.demo.extentreports.CreateNodeExample">
    <skipped/>
  </testcase> <!-- @AfterMethod checkResults -->
  <testcase name="@AfterMethod checkResults" time="0.0" classname="com.demo.extentreports.CreateNodeExample">
    <skipped/>
  </testcase> <!-- @AfterMethod checkResults -->
  <testcase name="@AfterTest tearDown" time="0.0" classname="com.demo.extentreports.CreateNodeExample">
    <skipped/>
  </testcase> <!-- @AfterTest tearDown -->
  <testcase name="openBrowser" time="8.943" classname="com.demo.extentreports.CreateNodeExample">
    <failure type="org.openqa.selenium.SessionNotCreatedException" message="session not created: This version of ChromeDriver only supports Chrome version 77
Build info: version: &amp;apos;3.13.0&amp;apos;, revision: &amp;apos;2f0d292&amp;apos;, time: &amp;apos;2018-06-25T15:24:21.231Z&amp;apos;
System info: host: &amp;apos;DESKTOP-6LJ2661&amp;apos;, ip: &amp;apos;192.168.0.10&amp;apos;, os.name: &amp;apos;Windows 10&amp;apos;, os.arch: &amp;apos;x86&amp;apos;, os.version: &amp;apos;10.0&amp;apos;, java.version: &amp;apos;1.8.0_65&amp;apos;
Driver info: driver.version: ChromeDriver
remote stacktrace: Backtrace:
	Ordinal0 [0x0092EB13+1501971]
	Ordinal0 [0x008AF6D1+980689]
	Ordinal0 [0x0083765F+489055]
	Ordinal0 [0x007CF2F4+62196]
	Ordinal0 [0x007CBCDA+48346]
	Ordinal0 [0x007E9800+169984]
	Ordinal0 [0x007E942D+169005]
	Ordinal0 [0x007E78EB+162027]
	Ordinal0 [0x007D0AC7+68295]
	Ordinal0 [0x007D1B40+72512]
	Ordinal0 [0x007D1AD9+72409]
	Ordinal0 [0x008C8F37+1085239]
	GetHandleVerifier [0x009CD7ED+503293]
	GetHandleVerifier [0x009CD580+502672]
	GetHandleVerifier [0x009D46AC+531644]
	GetHandleVerifier [0x009CDFFA+505354]
	Ordinal0 [0x008C0606+1050118]
	Ordinal0 [0x008C047F+1049727]
	Ordinal0 [0x008CAF9B+1093531]
	Ordinal0 [0x008CB103+1093891]
	Ordinal0 [0x008CA095+1089685]
	BaseThreadInitThunk [0x77206359+25]
	RtlGetAppContainerNamedObjectPath [0x77477B74+228]
	RtlGetAppContainerNamedObjectPath [0x77477B44+180]
">
      <![CDATA[org.openqa.selenium.SessionNotCreatedException: session not created: This version of ChromeDriver only supports Chrome version 77
Build info: version: '3.13.0', revision: '2f0d292', time: '2018-06-25T15:24:21.231Z'
System info: host: 'DESKTOP-6LJ2661', ip: '192.168.0.10', os.name: 'Windows 10', os.arch: 'x86', os.version: '10.0', java.version: '1.8.0_65'
Driver info: driver.version: ChromeDriver
remote stacktrace: Backtrace:
Ordinal0 [0x0092EB13+1501971]
Ordinal0 [0x008AF6D1+980689]
Ordinal0 [0x0083765F+489055]
Ordinal0 [0x007CF2F4+62196]
Ordinal0 [0x007CBCDA+48346]
Ordinal0 [0x007E9800+169984]
Ordinal0 [0x007E942D+169005]
Ordinal0 [0x007E78EB+162027]
Ordinal0 [0x007D0AC7+68295]
Ordinal0 [0x007D1B40+72512]
Ordinal0 [0x007D1AD9+72409]
Ordinal0 [0x008C8F37+1085239]
GetHandleVerifier [0x009CD7ED+503293]
GetHandleVerifier [0x009CD580+502672]
GetHandleVerifier [0x009D46AC+531644]
GetHandleVerifier [0x009CDFFA+505354]
Ordinal0 [0x008C0606+1050118]
Ordinal0 [0x008C047F+1049727]
Ordinal0 [0x008CAF9B+1093531]
Ordinal0 [0x008CB103+1093891]
Ordinal0 [0x008CA095+1089685]
BaseThreadInitThunk [0x77206359+25]
RtlGetAppContainerNamedObjectPath [0x77477B74+228]
RtlGetAppContainerNamedObjectPath [0x77477B44+180]

at sun.reflect.NativeConstructorAccessorImpl.newInstance0(Native Method)
at sun.reflect.NativeConstructorAccessorImpl.newInstance(NativeConstructorAccessorImpl.java:62)
at sun.reflect.DelegatingConstructorAccessorImpl.newInstance(DelegatingConstructorAccessorImpl.java:45)
at java.lang.reflect.Constructor.newInstance(Constructor.java:422)
at org.openqa.selenium.remote.W3CHandshakeResponse.lambda$new$0(W3CHandshakeResponse.java:57)
at org.openqa.selenium.remote.W3CHandshakeResponse.lambda$getResponseFunction$2(W3CHandshakeResponse.java:104)
at org.openqa.selenium.remote.ProtocolHandshake.lambda$createSession$0(ProtocolHandshake.java:123)
at java.util.stream.ReferencePipeline$3$1.accept(ReferencePipeline.java:193)
at java.util.Spliterators$ArraySpliterator.tryAdvance(Spliterators.java:958)
at java.util.stream.ReferencePipeline.forEachWithCancel(ReferencePipeline.java:126)
at java.util.stream.AbstractPipeline.copyIntoWithCancel(AbstractPipeline.java:498)
at java.util.stream.AbstractPipeline.copyInto(AbstractPipeline.java:485)
at java.util.stream.AbstractPipeline.wrapAndCopyInto(AbstractPipeline.java:471)
at java.util.stream.FindOps$FindOp.evaluateSequential(FindOps.java:152)
at java.util.stream.AbstractPipeline.evaluate(AbstractPipeline.java:234)
at java.util.stream.ReferencePipeline.findFirst(ReferencePipeline.java:464)
at org.openqa.selenium.remote.ProtocolHandshake.createSession(ProtocolHandshake.java:126)
at org.openqa.selenium.remote.ProtocolHandshake.createSession(ProtocolHandshake.java:73)
at org.openqa.selenium.remote.HttpCommandExecutor.execute(HttpCommandExecutor.java:136)
at org.openqa.selenium.remote.service.DriverCommandExecutor.execute(DriverCommandExecutor.java:83)
at org.openqa.selenium.remote.RemoteWebDriver.execute(RemoteWebDriver.java:548)
at org.openqa.selenium.remote.RemoteWebDriver.startSession(RemoteWebDriver.java:212)
at org.openqa.selenium.remote.RemoteWebDriver.<init>(RemoteWebDriver.java:130)
at org.openqa.selenium.chrome.ChromeDriver.<init>(ChromeDriver.java:181)
at org.openqa.selenium.chrome.ChromeDriver.<init>(ChromeDriver.java:168)
at org.openqa.selenium.chrome.ChromeDriver.<init>(ChromeDriver.java:123)
at com.demo.extentreports.CreateNodeExample.openBrowser(CreateNodeExample.java:54)
at sun.reflect.NativeMethodAccessorImpl.invoke0(Native Method)
at sun.reflect.NativeMethodAccessorImpl.invoke(NativeMethodAccessorImpl.java:62)
at sun.reflect.DelegatingMethodAccessorImpl.invoke(DelegatingMethodAccessorImpl.java:43)
at java.lang.reflect.Method.invoke(Method.java:497)
at org.testng.internal.MethodInvocationHelper.invokeMethod(MethodInvocationHelper.java:124)
at org.testng.internal.Invoker.invokeMethod(Invoker.java:583)
at org.testng.internal.Invoker.invokeTestMethod(Invoker.java:719)
at org.testng.internal.Invoker.invokeTestMethods(Invoker.java:989)
at org.testng.internal.TestMethodWorker.invokeTestMethods(TestMethodWorker.java:125)
at org.testng.internal.TestMethodWorker.run(TestMethodWorker.java:109)
at org.testng.TestRunner.privateRun(TestRunner.java:648)
at org.testng.TestRunner.run(TestRunner.java:505)
at org.testng.SuiteRunner.runTest(SuiteRunner.java:455)
at org.testng.SuiteRunner.runSequentially(SuiteRunner.java:450)
at org.testng.SuiteRunner.privateRun(SuiteRunner.java:415)
at org.testng.SuiteRunner.run(SuiteRunner.java:364)
at org.testng.SuiteRunnerWorker.runSuite(SuiteRunnerWorker.java:52)
at org.testng.SuiteRunnerWorker.run(SuiteRunnerWorker.java:84)
at org.testng.TestNG.runSuitesSequentially(TestNG.java:1208)
at org.testng.TestNG.runSuitesLocally(TestNG.java:1137)
at org.testng.TestNG.runSuites(TestNG.java:1049)
at org.testng.TestNG.run(TestNG.java:1017)
at org.testng.remote.AbstractRemoteTestNG.run(AbstractRemoteTestNG.java:114)
at org.testng.remote.RemoteTestNG.initAndRun(RemoteTestNG.java:251)
at org.testng.remote.RemoteTestNG.main(RemoteTestNG.java:77)
]]>
    </failure>
  </testcase> <!-- openBrowser -->
  <testcase name="verifyPageTitle" time="0.0" classname="com.demo.extentreports.CreateNodeExample">
    <skipped/>
  </testcase> <!-- verifyPageTitle -->
  <testcase name="verifyChildTestPageTitle" time="0.0" classname="com.demo.extentreports.CreateNodeExample">
    <skipped/>
  </testcase> <!-- verifyChildTestPageTitle -->
</testsuite> <!-- Default test -->
